--------------
/* Jared Stevens */

    /* enable warnings! */

use   a_bkorders
--------------

Query OK, 0 rows affected (0.00 sec)

--------------
/*  TASK 00 */ 

select user(), current_date(), version(), @@sql_mode
--------------

*************************** 1. row ***************************
        user(): jared@localhost
current_date(): 2015-10-26
     version(): 5.6.26-log
    @@sql_mode: STRICT_TRANS_TABLES,NO_AUTO_CREATE_USER,NO_ENGINE_SUBSTITUTION
1 row in set (0.00 sec)

--------------
/*  TASK 01 */

drop view if exists a_bkorders.BKOrdersPriorYear
--------------

Query OK, 0 rows affected (0.00 sec)

--------------
create view a_bkorders.BKOrdersPriorYear as (
	select cu.cust_id 
	,coalesce(concat(cu.cust_name_last, ',', cu.cust_name_first), 'No Name') as 'cust_name'
	,oh.order_date
	from a_bkorders.customers cu
	join a_bkorders.order_headers oh using(cust_id)
	where year(oh.order_date) = (year(current_date) - 1)
)
--------------

Query OK, 0 rows affected (0.00 sec)

--------------
/*  TASK 02 */

select cust_id
, cust_name
from a_bkorders.BKOrdersPriorYear
where order_date in(
	select order_date
	from a_bkorders.order_headers
	where month(order_date) = 4
)
union
select cust_id
, cust_name
from a_bkorders.BKOrdersPriorYear
where order_date in(
	select order_date
	from a_bkorders.order_headers
	where month(order_date) = 6
)
union
select cust_id
, cust_name
from a_bkorders.BKOrdersPriorYear
where order_date in(
	select order_date
	from a_bkorders.order_headers
	where month(order_date) = 8
)
--------------

+---------+---------------------+
| cust_id | cust_name           |
+---------+---------------------+
|  212921 | No Name             |
|  234138 | Keats,John          |
|  272787 | Carlson,Ben         |
|  276381 | Collins,Douglas     |
|  200368 | Blake,William       |
|  221297 | Dodgson,Charles     |
|  222477 | Rossetti,Christina  |
|  226656 | Randall,Randell     |
|  227105 | Kafka,Franz         |
|  259906 | Capybara,Wile E.    |
|  261502 | Hawthorne,Nathaniel |
|  263119 | No Name             |
|  267780 | Shelly,Mary         |
|  290298 | Swift,Jonathan      |
|  218709 | Bonnard,Paul        |
+---------+---------------------+
15 rows in set (0.02 sec)

--------------
/*  TASK 03 */

select distinct cust_id
, cust_name
from a_bkorders.BKOrdersPriorYear
where order_date not in(
	select order_date
	from a_bkorders.order_headers
	where month(order_date) in (3, 6, 9)
)
--------------

+---------+---------------------+
| cust_id | cust_name           |
+---------+---------------------+
|  200368 | Blake,William       |
|  211483 | Carroll,Lewis       |
|  212921 | No Name             |
|  217796 | No Name             |
|  218709 | Bonnard,Paul        |
|  221297 | Dodgson,Charles     |
|  222477 | Rossetti,Christina  |
|  224038 | Austin,Pat          |
|  226656 | Randall,Randell     |
|  227105 | Kafka,Franz         |
|  228175 | Cardin,Benjamin     |
|  234138 | Keats,John          |
|  239427 | Marksa,Anna         |
|  258595 | Jobs,Peter          |
|  259906 | Capybara,Wile E.    |
|  260368 | Muller,Jonathan     |
|  261502 | Hawthorne,Nathaniel |
|  263119 | No Name             |
|  267780 | Shelly,Mary         |
|  272787 | Carlson,Ben         |
|  276381 | Collins,Douglas     |
|  282716 | Biederbecke,Dwight  |
|  290298 | Swift,Jonathan      |
+---------+---------------------+
23 rows in set (0.00 sec)

--------------
/*  TASK 04 */

select distinct cust_id
, cust_name
from a_bkorders.BKOrdersPriorYear
where order_date in(
	select order_date
	from a_bkorders.order_headers
	where month(order_date) = 3
	and cust_id in (
		select cust_id
		from a_bkorders.order_headers
		where month(order_date) = 6
		and cust_id in (
			select cust_id
			from a_bkorders.order_headers
			where month(order_date) = 9
		)
	)
)
--------------

+---------+---------------------+
| cust_id | cust_name           |
+---------+---------------------+
|  200368 | Blake,William       |
|  218709 | Bonnard,Paul        |
|  234138 | Keats,John          |
|  261502 | Hawthorne,Nathaniel |
|  272787 | Carlson,Ben         |
|  282716 | Biederbecke,Dwight  |
+---------+---------------------+
6 rows in set (0.00 sec)

--------------
/*  TASK 05 */

select cust_id
, cust_name
from a_bkorders.BKOrdersPriorYear
where order_date in(
	select order_date
	from a_bkorders.order_headers
	where cust_id not in (
		select cust_id
		from a_bkorders.order_headers
		where month(order_date) in (2, 3)
	) and month(order_date) = 1
)
--------------

+---------+------------------+
| cust_id | cust_name        |
+---------+------------------+
|  226656 | Randall,Randell  |
|  259906 | Capybara,Wile E. |
+---------+------------------+
2 rows in set (0.00 sec)

--------------
/*  TASK 06 */

select cust_id
, cust_name
from a_bkorders.BKOrdersPriorYear
where month(order_date) = 3
and cust_id in (
	select cust_id
	from a_bkorders.BKOrdersPriorYear
	where month(order_date) in (4, 5)
)
--------------

+---------+-----------------+
| cust_id | cust_name       |
+---------+-----------------+
|  234138 | Keats,John      |
|  234138 | Keats,John      |
|  272787 | Carlson,Ben     |
|  272787 | Carlson,Ben     |
|  272787 | Carlson,Ben     |
|  276381 | Collins,Douglas |
+---------+-----------------+
6 rows in set (0.00 sec)

--------------
/*  TASK 07 */

select cust_id
, cust_name
from a_bkorders.BKOrdersPriorYear
where month(order_date) = 1
and( cust_id in (
	select cust_id
	from a_bkorders.BKOrdersPriorYear
	where month(order_date) = 2
	and cust_id not in (
		select cust_id
		from a_bkorders.BKOrdersPriorYear
		where month(order_Date) = 3
		)
	) 
	or cust_id in (
	select cust_id
	from a_bkorders.BKOrdersPriorYear
	where month(order_date) = 3
	and cust_id not in (
		select cust_id
		from a_bkorders.BKOrdersPriorYear
		where month(order_Date) = 2
		)
	)  
)
--------------

+---------+--------------------+
| cust_id | cust_name          |
+---------+--------------------+
|  221297 | Dodgson,Charles    |
|  222477 | Rossetti,Christina |
|  267780 | Shelly,Mary        |
|  290298 | Swift,Jonathan     |
+---------+--------------------+
4 rows in set (0.00 sec)

--------------
/*  TASK 08 */

select distinct cust_id
, cust_name
from a_bkorders.BKOrdersPriorYear
where month(order_date) != 6
and cust_id in (
	select cust_id
	from a_bkorders.BKOrdersPriorYear
	where month(order_date) in (4, 5)
)
--------------

+---------+-----------------+
| cust_id | cust_name       |
+---------+-----------------+
|  212921 | No Name         |
|  224038 | Austin,Pat      |
|  228175 | Cardin,Benjamin |
|  234138 | Keats,John      |
|  239427 | Marksa,Anna     |
|  260368 | Muller,Jonathan |
|  272787 | Carlson,Ben     |
|  276381 | Collins,Douglas |
+---------+-----------------+
8 rows in set (0.00 sec)

--------------
/*  TASK 09 */


/*  TASK 10 */
--------------

Query OK, 0 rows affected (0.00 sec)

Bye
